<?xml version="1.0" encoding="UTF-8"?>
<testng-results skipped="0" failed="0" ignored="0" total="1" passed="1">
  <reporter-output>
  </reporter-output>
  <suite name="Default suite" duration-ms="19290" started-at="2020-02-17T17:34:57 IST" finished-at="2020-02-17T17:35:16 IST">
    <groups>
    </groups>
    <test name="Default test" duration-ms="19290" started-at="2020-02-17T17:34:57 IST" finished-at="2020-02-17T17:35:16 IST">
      <class name="Testcases.Loginapplication">
        <test-method status="PASS" signature="Login()[pri:0, instance:Testcases.Loginapplication@3108bc]" name="Login" duration-ms="19257" started-at="2020-02-17T17:34:57 IST" finished-at="2020-02-17T17:35:16 IST">
          <reporter-output>
          </reporter-output>
        </test-method> <!-- Login -->
      </class> <!-- Testcases.Loginapplication -->
    </test> <!-- Default test -->
  </suite> <!-- Default suite -->
</testng-results>
